<?xml version="1.0" encoding="utf-8"?><testsuites><testsuite name="pytest" errors="0" failures="0" skipped="0" tests="10" time="5.855" timestamp="2023-02-25T18:29:21.252839" hostname="DESKTOP-A1BKJLQ"><testcase classname="tests.ten_tests.test_timed" name="test_sleep_2" time="2.004" /><testcase classname="tests.ten_tests.test_timed" name="test_sleep_3" time="2.004" /><testcase classname="tests.ten_tests.test_timed" name="test_sleep_1" time="2.004" /><testcase classname="tests.ten_tests.test_timed" name="test_sleep_4" time="2.004" /><testcase classname="tests.ten_tests.test_timed" name="test_sleep_5" time="2.004" /><testcase classname="tests.ten_tests.test_timed" name="test_sleep_6" time="2.003" /><testcase classname="tests.ten_tests.test_timed" name="test_sleep_9" time="2.012" /><testcase classname="tests.ten_tests.test_timed" name="test_sleep_8" time="2.013" /><testcase classname="tests.ten_tests.test_timed" name="test_sleep_7" time="2.013" /><testcase classname="tests.ten_tests.test_timed" name="test_sleep_10" time="2.012" /></testsuite></testsuites>